<?xml version="1.0" encoding="UTF-8"?>
<testng-results skipped="0" failed="1" ignored="0" total="1" passed="0">
  <reporter-output>
    <line>
      <![CDATA[Title is not matching 192.168.71.128]]>
    </line>
  </reporter-output>
  <suite name="Suite" duration-ms="46004" started-at="2019-11-09T11:35:08 IST" finished-at="2019-11-09T11:35:54 IST">
    <groups>
    </groups>
    <test name="ChromeTest" duration-ms="46004" started-at="2019-11-09T11:35:08 IST" finished-at="2019-11-09T11:35:54 IST">
      <class name="maven_smcrm_tests.HomePageNewCampaignLinkTest">
        <test-method status="PASS" signature="precondition(java.lang.String, java.lang.String, java.lang.String)[pri:0, instance:maven_smcrm_tests.HomePageNewCampaignLinkTest@7c29daf3]" name="precondition" is-config="true" duration-ms="32662" started-at="2019-11-09T11:35:08 IST" finished-at="2019-11-09T11:35:41 IST">
          <params>
            <param index="0">
              <value>
                <![CDATA[http://192.168.48.1:4444/wd/hub/]]>
              </value>
            </param>
            <param index="1">
              <value>
                <![CDATA[chrome]]>
              </value>
            </param>
            <param index="2">
              <value>
                <![CDATA[http://192.168.71.128:8080/crm/HomePage.do]]>
              </value>
            </param>
          </params>
          <reporter-output>
          </reporter-output>
        </test-method> <!-- precondition -->
        <test-method status="FAIL" signature="verifyCampaign()[pri:2, instance:maven_smcrm_tests.HomePageNewCampaignLinkTest@7c29daf3]" name="verifyCampaign" duration-ms="12431" started-at="2019-11-09T11:35:41 IST" finished-at="2019-11-09T11:35:53 IST">
          <exception class="java.lang.AssertionError">
            <message>
              <![CDATA[null]]>
            </message>
            <full-stacktrace>
              <![CDATA[java.lang.AssertionError: null
at org.testng.Assert.fail(Assert.java:97)
at org.testng.Assert.fail(Assert.java:102)
at maven_smcrm_utils.BasePage.verifyTitle(BasePage.java:29)
at maven_smcrm_tests.HomePageNewCampaignLinkTest.verifyCampaign(HomePageNewCampaignLinkTest.java:17)
at sun.reflect.NativeMethodAccessorImpl.invoke0(Native Method)
at sun.reflect.NativeMethodAccessorImpl.invoke(Unknown Source)
at sun.reflect.DelegatingMethodAccessorImpl.invoke(Unknown Source)
at java.lang.reflect.Method.invoke(Unknown Source)
at org.testng.internal.MethodInvocationHelper.invokeMethod(MethodInvocationHelper.java:133)
at org.testng.internal.TestInvoker.invokeMethod(TestInvoker.java:584)
at org.testng.internal.TestInvoker.invokeTestMethod(TestInvoker.java:172)
at org.testng.internal.MethodRunner.runInSequence(MethodRunner.java:46)
at org.testng.internal.TestInvoker$MethodInvocationAgent.invoke(TestInvoker.java:804)
at org.testng.internal.TestInvoker.invokeTestMethods(TestInvoker.java:145)
at org.testng.internal.TestMethodWorker.invokeTestMethods(TestMethodWorker.java:146)
at org.testng.internal.TestMethodWorker.run(TestMethodWorker.java:128)
at java.util.ArrayList.forEach(Unknown Source)
at org.testng.TestRunner.privateRun(TestRunner.java:770)
at org.testng.TestRunner.run(TestRunner.java:591)
at org.testng.SuiteRunner.runTest(SuiteRunner.java:402)
at org.testng.SuiteRunner.access$000(SuiteRunner.java:41)
at org.testng.SuiteRunner$SuiteWorker.run(SuiteRunner.java:443)
at org.testng.internal.thread.ThreadUtil.lambda$execute$0(ThreadUtil.java:67)
at java.util.concurrent.FutureTask.run(Unknown Source)
at java.util.concurrent.ThreadPoolExecutor.runWorker(Unknown Source)
at java.util.concurrent.ThreadPoolExecutor$Worker.run(Unknown Source)
at java.lang.Thread.run(Unknown Source)
]]>
            </full-stacktrace>
          </exception> <!-- java.lang.AssertionError -->
          <reporter-output>
            <line>
              <![CDATA[Title is not matching 192.168.71.128]]>
            </line>
          </reporter-output>
        </test-method> <!-- verifyCampaign -->
        <test-method status="PASS" signature="postcondition(org.testng.ITestResult)[pri:0, instance:maven_smcrm_tests.HomePageNewCampaignLinkTest@7c29daf3]" name="postcondition" is-config="true" duration-ms="779" started-at="2019-11-09T11:35:53 IST" finished-at="2019-11-09T11:35:54 IST">
          <params>
            <param index="0">
              <value>
                <![CDATA[[TestResult name=verifyCampaign status=FAILURE method=HomePageNewCampaignLinkTest.verifyCampaign()[pri:2, instance:maven_smcrm_tests.HomePageNewCampaignLinkTest@7c29daf3] output=Title is not matching 192.168.71.128]]]>
              </value>
            </param>
          </params>
          <reporter-output>
          </reporter-output>
        </test-method> <!-- postcondition -->
      </class> <!-- maven_smcrm_tests.HomePageNewCampaignLinkTest -->
    </test> <!-- ChromeTest -->
  </suite> <!-- Suite -->
</testng-results>
